<?xml version="1.0" encoding="UTF-8"?>
<testng-results skipped="0" failed="0" ignored="0" total="1" passed="1">
  <reporter-output>
  </reporter-output>
  <suite name="Default suite" duration-ms="46" started-at="2019-06-08T02:47:56Z" finished-at="2019-06-08T02:47:56Z">
    <groups>
    </groups>
    <test name="Default test" duration-ms="46" started-at="2019-06-08T02:47:56Z" finished-at="2019-06-08T02:47:56Z">
      <class name="pageObjectTestCases.TC01_Amazon">
        <test-method status="PASS" signature="amazonLogin()[pri:0, instance:pageObjectTestCases.TC01_Amazon@17d677df]" name="amazonLogin" duration-ms="9" started-at="2019-06-08T08:17:56Z" finished-at="2019-06-08T08:17:56Z">
          <reporter-output>
          </reporter-output>
        </test-method> <!-- amazonLogin -->
      </class> <!-- pageObjectTestCases.TC01_Amazon -->
    </test> <!-- Default test -->
  </suite> <!-- Default suite -->
</testng-results>
